<?xml version="1.0" encoding="UTF-8"?>
<beans xmlns="http://www.springframework.org/schema/beans"
  xmlns:xsi="http://www.w3.org/2001/XMLSchema-instance"
  xmlns:context="http://www.springframework.org/schema/context"
  xsi:schemaLocation="http://www.springframework.org/schema/beans http://www.springframework.org/schema/beans/spring-beans.xsd
        http://www.springframework.org/schema/context http://www.springframework.org/schema/context/spring-context.xsd">

  <context:property-placeholder
    location="classpath*:/META-INF/spring/*.properties" />

  <!-- (1) -->
  <bean id="exceptionLogger"
    class="org.terasoluna.gfw.common.exception.ExceptionLogger" />

  <bean id="jdbcTemplate"
    class="org.springframework.jdbc.core.JdbcTemplate">
    <property name="dataSource" ref="dataSource" />
  </bean>

  <!-- (2) -->
  <bean id="passwordEncoder"
    class="org.springframework.security.crypto.password.DelegatingPasswordEncoder">
    <constructor-arg name="idForEncode" value="pbkdf2" />
    <constructor-arg name="idToPasswordEncoder">
      <map>
        <entry key="pbkdf2">
          <bean
            class="org.springframework.security.crypto.password.Pbkdf2PasswordEncoder" />
        </entry>
        <entry key="bcrypt">
          <bean
            class="org.springframework.security.crypto.bcrypt.BCryptPasswordEncoder" />
        </entry>
        <entry key="scrypt">
          <bean
            class="org.springframework.security.crypto.scrypt.SCryptPasswordEncoder" />
        </entry>
      </map>
    </constructor-arg>
  </bean>


</beans>